This is e-pTeX, Version 3.14159265-p3.8.3-191112-2.6 (utf8.euc) (TeX Live 2020) (preloaded format=platex 2020.11.4)  11 JAN 2021 17:13
entering extended mode
 restricted \write18 enabled.
 file:line:error style messages enabled.
 %&-line parsing enabled.
**MasterThesis_goto_v1.tex
(./MasterThesis_goto_v1.tex
pLaTeX2e <2020-10-01>+1 (based on LaTeX2e <2020-10-01> patch level 2)
L3 programming layer <2020-10-27> xparse <2020-03-03>
(/usr/local/texlive/2020/texmf-dist/tex/platex/jsclasses/jsbook.cls
Document Class: jsbook 2020/10/09 jsclasses (okumura, texjporg)
\jsc@mpt=\dimen154
\jsc@mmm=\dimen155
\jsc@smallskipamount=\skip47
LaTeX Info: Redefining \textmc on input line 502.
LaTeX Info: Redefining \textgt on input line 504.
\symmincho=\mathgroup4
LaTeX Font Info:    Overwriting symbol font `mincho' in version `bold'
(Font)                  JY1/mc/m/n --> JY1/gt/m/n on input line 566.
LaTeX Font Info:    Font shape `JT1/mc/m/n' will be
(Font)              scaled to size 9.60999pt on input line 760.
LaTeX Font Info:    Font shape `JY1/mc/m/n' will be
(Font)              scaled to size 9.60999pt on input line 760.
\fullwidth=\dimen156
LaTeX Font Info:    Font shape `JT1/mc/m/n' will be
(Font)              scaled to size 7.68799pt on input line 921.
LaTeX Font Info:    Font shape `JY1/mc/m/n' will be
(Font)              scaled to size 7.68799pt on input line 921.
\c@part=\count174
\c@chapter=\count175
\c@section=\count176
\c@subsection=\count177
\c@subsubsection=\count178
\c@paragraph=\count179
\c@subparagraph=\count180
\c@figure=\count181
\c@table=\count182
\abovecaptionskip=\skip48
\belowcaptionskip=\skip49
\jsc@tocl@width=\dimen157
\@lnumwidth=\dimen158
\bibindent=\dimen159
(/usr/local/texlive/2020/texmf-dist/tex/platex/jsclasses/jslogo.sty
Package: jslogo 2019/07/25 okumura, texjporg
LaTeX Info: Redefining \TeX on input line 82.
LaTeX Info: Redefining \LaTeX on input line 135.
LaTeX Info: Redefining \LaTeXe on input line 188.
)
\heisei=\count183
)
(/usr/local/texlive/2020/texmf-dist/tex/latex/geometry/geometry.sty
Package: geometry 2020/01/02 v5.9 Page Geometry

(/usr/local/texlive/2020/texmf-dist/tex/latex/graphics/keyval.sty
Package: keyval 2014/10/28 v1.15 key=value parser (DPC)
\KV@toks@=\toks16
)
(/usr/local/texlive/2020/texmf-dist/tex/generic/iftex/ifvtex.sty
Package: ifvtex 2019/10/25 v1.7 ifvtex legacy package. Use iftex instead.

(/usr/local/texlive/2020/texmf-dist/tex/generic/iftex/iftex.sty
Package: iftex 2020/03/06 v1.0d TeX engine tests
))
\Gm@cnth=\count184
\Gm@cntv=\count185
\c@Gm@tempcnt=\count186
\Gm@bindingoffset=\dimen160
\Gm@wd@mp=\dimen161
\Gm@odd@mp=\dimen162
\Gm@even@mp=\dimen163
\Gm@layoutwidth=\dimen164
\Gm@layoutheight=\dimen165
\Gm@layouthoffset=\dimen166
\Gm@layoutvoffset=\dimen167
\Gm@dimlist=\toks17
)
(/usr/local/texlive/2020/texmf-dist/tex/latex/amsmath/amsmath.sty
Package: amsmath 2020/09/23 v2.17i AMS math features
\@mathmargin=\skip50

For additional information on amsmath, use the `?' option.
(/usr/local/texlive/2020/texmf-dist/tex/latex/amsmath/amstext.sty
Package: amstext 2000/06/29 v2.01 AMS text

(/usr/local/texlive/2020/texmf-dist/tex/latex/amsmath/amsgen.sty
File: amsgen.sty 1999/11/30 v2.0 generic functions
\@emptytoks=\toks18
\ex@=\dimen168
))
(/usr/local/texlive/2020/texmf-dist/tex/latex/amsmath/amsbsy.sty
Package: amsbsy 1999/11/29 v1.2d Bold Symbols
\pmbraise@=\dimen169
)
(/usr/local/texlive/2020/texmf-dist/tex/latex/amsmath/amsopn.sty
Package: amsopn 2016/03/08 v2.02 operator names
)
\inf@bad=\count187
LaTeX Info: Redefining \frac on input line 234.
\uproot@=\count188
\leftroot@=\count189
LaTeX Info: Redefining \overline on input line 399.
\classnum@=\count190
\DOTSCASE@=\count191
LaTeX Info: Redefining \ldots on input line 496.
LaTeX Info: Redefining \dots on input line 499.
LaTeX Info: Redefining \cdots on input line 620.
\Mathstrutbox@=\box64
\strutbox@=\box65
\big@size=\dimen170
LaTeX Font Info:    Redeclaring font encoding OML on input line 743.
LaTeX Font Info:    Redeclaring font encoding OMS on input line 744.
\macc@depth=\count192
\c@MaxMatrixCols=\count193
\dotsspace@=\muskip16
\c@parentequation=\count194
\dspbrk@lvl=\count195
\tag@help=\toks19
\row@=\count196
\column@=\count197
\maxfields@=\count198
\andhelp@=\toks20
\eqnshift@=\dimen171
\alignsep@=\dimen172
\tagshift@=\dimen173
\tagwidth@=\dimen174
\totwidth@=\dimen175
\lineht@=\dimen176
\@envbody=\toks21
\multlinegap=\skip51
\multlinetaggap=\skip52
\mathdisplay@stack=\toks22
LaTeX Info: Redefining \[ on input line 2923.
LaTeX Info: Redefining \] on input line 2924.
)
(/usr/local/texlive/2020/texmf-dist/tex/latex/amsfonts/amssymb.sty
Package: amssymb 2013/01/14 v3.01 AMS font symbols

(/usr/local/texlive/2020/texmf-dist/tex/latex/amsfonts/amsfonts.sty
Package: amsfonts 2013/01/14 v3.01 Basic AMSFonts support
\symAMSa=\mathgroup5
\symAMSb=\mathgroup6
LaTeX Font Info:    Redeclaring math symbol \hbar on input line 98.
LaTeX Font Info:    Overwriting math alphabet `\mathfrak' in version `bold'
(Font)                  U/euf/m/n --> U/euf/b/n on input line 106.
))
(/usr/local/texlive/2020/texmf-dist/tex/latex/tools/bm.sty
Package: bm 2019/07/24 v1.2d Bold Symbol Support (DPC/FMi)
\symboldoperators=\mathgroup7
\symboldletters=\mathgroup8
\symboldsymbols=\mathgroup9
\symboldmincho=\mathgroup10
LaTeX Font Info:    Redeclaring math alphabet \mathbf on input line 141.
LaTeX Info: Redefining \bm on input line 209.
)
(/usr/local/texlive/2020/texmf-dist/tex/latex/graphics/graphicx.sty
Package: graphicx 2020/09/09 v1.2b Enhanced LaTeX Graphics (DPC,SPQR)

(/usr/local/texlive/2020/texmf-dist/tex/latex/graphics/graphics.sty
Package: graphics 2020/08/30 v1.4c Standard LaTeX Graphics (DPC,SPQR)

(/usr/local/texlive/2020/texmf-dist/tex/latex/graphics/trig.sty
Package: trig 2016/01/03 v1.10 sin cos tan (DPC)
)
(/usr/local/texlive/2020/texmf-dist/tex/latex/graphics-cfg/graphics.cfg
File: graphics.cfg 2016/06/04 v1.11 sample graphics configuration
)
Package graphics Info: Driver file: dvipdfmx.def on input line 105.

(/usr/local/texlive/2020/texmf-dist/tex/latex/graphics-def/dvipdfmx.def
File: dvipdfmx.def 2020/08/26 v5.0h Graphics/color driver for dvipdfmx
))
\Gin@req@height=\dimen177
\Gin@req@width=\dimen178
)
(/usr/local/texlive/2020/texmf-dist/tex/latex/ascmac/ascmac.sty
Package: ascmac 2020/01/15 v2.1 ascmac wrapper (community edition) 

(/usr/local/texlive/2020/texmf-dist/tex/latex/ascmac/tascmac.sty
Package: tascmac 2020/01/15 v2.1 ascmac package (community edition) 
\@savetbaselineshift=\dimen179
\@saveybaselineshift=\dimen180
\scb@x=\box66
\scscb@x=\box67
\@bw=\dimen181
\@nbox=\box68
\@nbody=\box69
\@scw=\dimen182
\ascmac@hoboxa=\box70
\ascmac@hoboxb=\box71
\@itemh=\dimen183
\@iboxpos=\toks23
\@iboxstr=\box72
\@bwsp=\box73
\@@bwsp=\box74
\@bcal=\count199
\shaderule=\dimen184
))
(/usr/local/texlive/2020/texmf-dist/tex/latex/graphics/lscape.sty
Package: lscape 2020/05/28 v3.02 Landscape Pages (DPC)
)
(/usr/local/texlive/2020/texmf-dist/tex/latex/fancybox/fancybox.sty
Package: fancybox 2010/05/15 1.4

Style option: `fancybox' v1.4 <2010/05/15> (tvz)
\@fancybox=\box75
\shadowsize=\dimen185
\@Sbox=\box76
\do@VerbBox=\toks24
\the@fancyput=\toks25
\this@fancyput=\toks26
\EndVerbatimTokens=\toks27
\Verbatim@Outfile=\write3
\Verbatim@Infile=\read2
) (/usr/local/texlive/2020/texmf-dist/tex/latex/fancyhdr/fancyhdr.sty
Package: fancyhdr 2019/01/31 v3.10 Extensive control of page headers and footer
s
\f@nch@headwidth=\skip53
\f@nch@O@elh=\skip54
\f@nch@O@erh=\skip55
\f@nch@O@olh=\skip56
\f@nch@O@orh=\skip57
\f@nch@O@elf=\skip58
\f@nch@O@erf=\skip59
\f@nch@O@olf=\skip60
\f@nch@O@orf=\skip61
)
(./mediabb.sty
Package: mediabb 2006/10/26 v1.9 iNOUE Koich! <inoue@ma.ns.musashi-tech.ac.jp>
)
(/usr/local/texlive/2020/texmf-dist/tex/latex/hyperref/hyperref.sty
Package: hyperref 2020-05-15 v7.00e Hypertext links for LaTeX

(/usr/local/texlive/2020/texmf-dist/tex/generic/ltxcmds/ltxcmds.sty
Package: ltxcmds 2020-05-10 v1.25 LaTeX kernel commands for general use (HO)
)
(/usr/local/texlive/2020/texmf-dist/tex/generic/pdftexcmds/pdftexcmds.sty
Package: pdftexcmds 2020-06-27 v0.33 Utility functions of pdfTeX for LuaTeX (HO
)

(/usr/local/texlive/2020/texmf-dist/tex/generic/infwarerr/infwarerr.sty
Package: infwarerr 2019/12/03 v1.5 Providing info/warning/error messages (HO)
)
Package pdftexcmds Info: \pdf@primitive is available.
Package pdftexcmds Info: \pdf@ifprimitive is available.
Package pdftexcmds Info: \pdfdraftmode not found.
)
(/usr/local/texlive/2020/texmf-dist/tex/generic/kvsetkeys/kvsetkeys.sty
Package: kvsetkeys 2019/12/15 v1.18 Key value parser (HO)
)
(/usr/local/texlive/2020/texmf-dist/tex/generic/kvdefinekeys/kvdefinekeys.sty
Package: kvdefinekeys 2019-12-19 v1.6 Define keys (HO)
)
(/usr/local/texlive/2020/texmf-dist/tex/generic/pdfescape/pdfescape.sty
Package: pdfescape 2019/12/09 v1.15 Implements pdfTeX's escape features (HO)
)
(/usr/local/texlive/2020/texmf-dist/tex/latex/hycolor/hycolor.sty
Package: hycolor 2020-01-27 v1.10 Color options for hyperref/bookmark (HO)
)
(/usr/local/texlive/2020/texmf-dist/tex/latex/letltxmacro/letltxmacro.sty
Package: letltxmacro 2019/12/03 v1.6 Let assignment for LaTeX macros (HO)
)
(/usr/local/texlive/2020/texmf-dist/tex/latex/auxhook/auxhook.sty
Package: auxhook 2019-12-17 v1.6 Hooks for auxiliary files (HO)
)
(/usr/local/texlive/2020/texmf-dist/tex/latex/kvoptions/kvoptions.sty
Package: kvoptions 2020-10-07 v3.14 Key value format for package options (HO)
)
\@linkdim=\dimen186
\Hy@linkcounter=\count266
\Hy@pagecounter=\count267

(/usr/local/texlive/2020/texmf-dist/tex/latex/hyperref/pd1enc.def
File: pd1enc.def 2020-05-15 v7.00e Hyperref: PDFDocEncoding definition (HO)
Now handling font encoding PD1 ...
... no UTF-8 mapping file for font encoding PD1
)
(/usr/local/texlive/2020/texmf-dist/tex/generic/intcalc/intcalc.sty
Package: intcalc 2019/12/15 v1.3 Expandable calculations with integers (HO)
)
(/usr/local/texlive/2020/texmf-dist/tex/generic/etexcmds/etexcmds.sty
Package: etexcmds 2019/12/15 v1.7 Avoid name clashes with e-TeX commands (HO)
)
\Hy@SavedSpaceFactor=\count268
Package hyperref Info: Option `colorlinks' set `false' on input line 4338.
Package hyperref Info: Option `bookmarks' set `true' on input line 4338.
Package hyperref Info: Option `bookmarksnumbered' set `false' on input line 433
8.
Package hyperref Info: Hyper figures OFF on input line 4464.
Package hyperref Info: Link nesting OFF on input line 4469.
Package hyperref Info: Hyper index ON on input line 4472.
Package hyperref Info: Plain pages OFF on input line 4479.
Package hyperref Info: Backreferencing OFF on input line 4484.
Package hyperref Info: Implicit mode ON; LaTeX internals redefined.
Package hyperref Info: Bookmarks ON on input line 4717.
\c@Hy@tempcnt=\count269

(/usr/local/texlive/2020/texmf-dist/tex/latex/url/url.sty
\Urlmuskip=\muskip17
Package: url 2013/09/16  ver 3.4  Verb mode for urls, etc.
)
LaTeX Info: Redefining \url on input line 5076.
\XeTeXLinkMargin=\dimen187

(/usr/local/texlive/2020/texmf-dist/tex/generic/bitset/bitset.sty
Package: bitset 2019/12/09 v1.3 Handle bit-vector datatype (HO)

(/usr/local/texlive/2020/texmf-dist/tex/generic/bigintcalc/bigintcalc.sty
Package: bigintcalc 2019/12/15 v1.5 Expandable calculations on big integers (HO
)
))
\Fld@menulength=\count270
\Field@Width=\dimen188
\Fld@charsize=\dimen189
Package hyperref Info: Hyper figures OFF on input line 6347.
Package hyperref Info: Link nesting OFF on input line 6352.
Package hyperref Info: Hyper index ON on input line 6355.
Package hyperref Info: backreferencing OFF on input line 6362.
Package hyperref Info: Link coloring OFF on input line 6367.
Package hyperref Info: Link coloring with OCG OFF on input line 6372.
Package hyperref Info: PDF/A mode OFF on input line 6377.
LaTeX Info: Redefining \ref on input line 6417.
LaTeX Info: Redefining \pageref on input line 6421.

(/usr/local/texlive/2020/texmf-dist/tex/latex/base/atbegshi-ltx.sty
Package: atbegshi-ltx 2020/08/17 v1.0a Emulation of the original atbegshi packa
ge
with kernel methods
)
\Hy@abspage=\count271
\c@Item=\count272
\c@Hfootnote=\count273
)
Package hyperref Info: Driver: hdvipdfm.

(/usr/local/texlive/2020/texmf-dist/tex/latex/hyperref/hdvipdfm.def
File: hdvipdfm.def 2020-05-15 v7.00e Hyperref driver for dvipdfm
\pdfm@box=\box77
\c@Hy@AnnotLevel=\count274
\HyField@AnnotCount=\count275
\Fld@listcount=\count276
\c@bookmark@seq@number=\count277

(/usr/local/texlive/2020/texmf-dist/tex/latex/rerunfilecheck/rerunfilecheck.sty
Package: rerunfilecheck 2019/12/05 v1.9 Rerun checks for auxiliary files (HO)
(/usr/local/texlive/2020/texmf-dist/tex/latex/base/atveryend-ltx.sty
Package: atveryend-ltx 2020/08/19 v1.0a Emulation of the original atvery packag
e
with kernel methods
)
(/usr/local/texlive/2020/texmf-dist/tex/generic/uniquecounter/uniquecounter.sty
Package: uniquecounter 2019/12/15 v1.4 Provide unlimited unique counter (HO)
)
Package uniquecounter Info: New unique counter `rerunfilecheck' on input line 2
86.
)
\Hy@SectionHShift=\skip62
) (/usr/local/texlive/2020/texmf-dist/tex/platex/pxjahyper/pxjahyper.sty
Package: pxjahyper 2020/10/10 v0.6a

(/usr/local/texlive/2020/texmf-dist/tex/latex/etoolbox/etoolbox.sty
Package: etoolbox 2020/10/05 v2.5k e-TeX tools for LaTeX (JAW)
\etb@tempcnta=\count278
)
(/usr/local/texlive/2020/texmf-dist/tex/platex/pxjahyper/pxjahyper-enc.sty
Package: pxjahyper-enc 2020/10/10 v0.6a
))
(/usr/local/texlive/2020/texmf-dist/tex/latex/comment/comment.sty
\CommentStream=\write4

Excluding comment 'comment')
(/usr/local/texlive/2020/texmf-dist/tex/platex/japanese-otf-uptex/otf.sty
Package: otf 2019/04/01 v1.7b8 psitau, u0.25 ttk
LaTeX Font Info:    Redeclaring symbol font `mincho' on input line 314.
LaTeX Font Info:    Overwriting symbol font `mincho' in version `normal'
(Font)                  JY1/mc/m/n --> JY1/hmc/m/n on input line 314.
LaTeX Font Info:    Overwriting symbol font `mincho' in version `bold'
(Font)                  JY1/gt/m/n --> JY1/hmc/m/n on input line 314.
LaTeX Font Info:    Overwriting symbol font `mincho' in version `bold'
(Font)                  JY1/hmc/m/n --> JY1/hmc/bx/n on input line 316.
LaTeX Font Info:    Redeclaring math alphabet \mathgt on input line 317.
LaTeX Font Info:    Overwriting math alphabet `\mathgt' in version `normal'
(Font)                  JY1/gt/m/n --> JY1/hgt/m/n on input line 317.
LaTeX Font Info:    Overwriting math alphabet `\mathgt' in version `bold'
(Font)                  JY1/gt/m/n --> JY1/hgt/m/n on input line 317.
LaTeX Font Info:    Overwriting math alphabet `\mathgt' in version `bold'
(Font)                  JY1/hgt/m/n --> JY1/hgt/bx/n on input line 318.

(/usr/local/texlive/2020/texmf-dist/tex/platex/japanese-otf/ajmacros.sty
Package: ajmacros 2019/04/01 21:00 iNOUE Koich! <inoue@ma.ns.musashi-tech.ac.jp
>
\@tempcntc=\count279
\@tempcntd=\count280
\@tempcnte=\count281
\@tempcntf=\count282
))
(/usr/local/texlive/2020/texmf-dist/tex/latex/caption/caption.sty
Package: caption 2020/10/26 v3.5g Customizing captions (AR)

(/usr/local/texlive/2020/texmf-dist/tex/latex/caption/caption3.sty
Package: caption3 2020/10/21 v2.2e caption3 kernel (AR)
\captionmargin=\dimen190
\captionmargin@=\dimen191
\captionwidth=\dimen192
\caption@tempdima=\dimen193
\caption@indent=\dimen194
\caption@parindent=\dimen195
\caption@hangindent=\dimen196
Package caption Info: Unknown document class (or package),
(caption)             standard defaults will be used.
Package caption Info: \@makecaption = \long macro:#1#2->{\small \advance \lefts
kip .0628\linewidth \advance \rightskip .0628\linewidth \vskip \abovecaptionski
p \sbox \@tempboxa {#1\hskip 1zw\relax #2}\ifdim \wd \@tempboxa <\hsize \center
ing \fi #1{\hskip 1zw\relax }#2\par \vskip \belowcaptionskip } on input line 11
39.
)

Package caption Warning: Unknown document class (or package),
(caption)                standard defaults will be used.
See the caption package documentation for explanation.

\c@caption@flags=\count283
\c@continuedfloat=\count284
Package caption Info: hyperref package is loaded.
) (/usr/local/texlive/2020/texmf-dist/tex/latex/caption/subcaption.sty
Package: subcaption 2020/10/07 v1.3j Sub-captions (AR)
\c@subfigure=\count285
\c@subtable=\count286
)
(/usr/local/texlive/2020/texmf-dist/tex/latex/here/here.sty)
(/usr/local/texlive/2020/texmf-dist/tex/latex/float/float.sty
Package: float 2001/11/08 v1.3d Float enhancements (AL)
\c@float@type=\count287
\float@exts=\toks28
\float@box=\box78
\@float@everytoks=\toks29
\@floatcapt=\box79
)
(/usr/local/texlive/2020/texmf-dist/tex/latex/graphics/color.sty
Package: color 2020/02/24 v1.2b Standard LaTeX Color (DPC)

(/usr/local/texlive/2020/texmf-dist/tex/latex/graphics-cfg/color.cfg
File: color.cfg 2016/01/02 v1.6 sample color configuration
)
Package color Info: Driver file: dvipdfmx.def on input line 147.

(/usr/local/texlive/2020/texmf-dist/tex/latex/graphics/dvipsnam.def
File: dvipsnam.def 2016/06/17 v3.0m Driver-dependent file (DPC,SPQR)
))
(/usr/local/texlive/2020/texmf-dist/tex/latex/listings/listings.sty
\lst@mode=\count288
\lst@gtempboxa=\box80
\lst@token=\toks30
\lst@length=\count289
\lst@currlwidth=\dimen197
\lst@column=\count290
\lst@pos=\count291
\lst@lostspace=\dimen198
\lst@width=\dimen199
\lst@newlines=\count292
\lst@lineno=\count293
\lst@maxwidth=\dimen256

(/usr/local/texlive/2020/texmf-dist/tex/latex/listings/lstmisc.sty
File: lstmisc.sty 2020/03/24 1.8d (Carsten Heinz)
\c@lstnumber=\count294
\lst@skipnumbers=\count295
\lst@framebox=\box81
)
(/usr/local/texlive/2020/texmf-dist/tex/latex/listings/listings.cfg
File: listings.cfg 2020/03/24 1.8d listings configuration
))
Package: listings 2020/03/24 1.8d (Carsten Heinz)

(/usr/local/texlive/2020/texmf-dist/tex/latex/listings/lstlang1.sty
File: lstlang1.sty 2020/03/24 1.8d listings language file
)
LaTeX Font Info:    Font shape `JT1/hmc/m/n' will be
(Font)              scaled to size 9.24683pt on input line 80.
LaTeX Font Info:    Font shape `JY1/hmc/m/n' will be
(Font)              scaled to size 9.24683pt on input line 80.

(/usr/local/texlive/2020/texmf-dist/tex/latex/l3backend/l3backend-dvips.def
File: l3backend-dvips.def 2020-09-24 L3 backend support: dvips
\l__pdf_internal_box=\box82
\g__pdf_backend_object_int=\count296
\l__pdf_backend_content_box=\box83
\l__pdf_backend_model_box=\box84
\g__pdf_backend_annotation_int=\count297
\g__pdf_backend_link_int=\count298
\g__pdf_backend_link_sf_int=\count299
)
(./MasterThesis_goto_v1.aux (./Chapter/0Abstract.aux)
(./Chapter/1Introduction.aux) (./Chapter/2DeepLearning.aux)
(./Chapter/3Networks.aux) (./Chapter/4VertexFinderwithDL.aux)
(./Chapter/5Comparison.aux) (./Chapter/6Conclusion.aux)
(./Chapter/7Acknowledgement.aux) (./Chapter/8Appendix.aux

LaTeX Warning: Label `fuga' multiply defined.


LaTeX Warning: Label `fuga' multiply defined.


LaTeX Warning: Label `fuga' multiply defined.


LaTeX Warning: Label `fuga' multiply defined.


LaTeX Warning: Label `fuga' multiply defined.


LaTeX Warning: Label `fuga' multiply defined.


LaTeX Warning: Label `fuga' multiply defined.

))
\openout1 = `MasterThesis_goto_v1.aux'.

LaTeX Font Info:    Checking defaults for OML/cmm/m/it on input line 80.
LaTeX Font Info:    ... okay on input line 80.
LaTeX Font Info:    Checking defaults for OMS/cmsy/m/n on input line 80.
LaTeX Font Info:    ... okay on input line 80.
LaTeX Font Info:    Checking defaults for OT1/cmr/m/n on input line 80.
LaTeX Font Info:    ... okay on input line 80.
LaTeX Font Info:    Checking defaults for T1/cmr/m/n on input line 80.
LaTeX Font Info:    ... okay on input line 80.
LaTeX Font Info:    Checking defaults for TS1/cmr/m/n on input line 80.
LaTeX Font Info:    ... okay on input line 80.
LaTeX Font Info:    Checking defaults for OMX/cmex/m/n on input line 80.
LaTeX Font Info:    ... okay on input line 80.
LaTeX Font Info:    Checking defaults for U/cmr/m/n on input line 80.
LaTeX Font Info:    ... okay on input line 80.
LaTeX Font Info:    Checking defaults for JY1/mc/m/n on input line 80.
LaTeX Font Info:    ... okay on input line 80.
LaTeX Font Info:    Checking defaults for JT1/mc/m/n on input line 80.
LaTeX Font Info:    ... okay on input line 80.
LaTeX Font Info:    Checking defaults for PD1/pdf/m/n on input line 80.
LaTeX Font Info:    ... okay on input line 80.

*geometry* driver: auto-detecting
*geometry* detected driver: dvips
*geometry* verbose mode - [ preamble ] result:
* driver: dvips
* paper: <default>
* layout: <same size as paper>
* layoutoffset:(h,v)=(0.0pt,0.0pt)
* modes: twoside 
* h-part:(L,W,R)=(56.9055pt, 384.10918pt, 56.9055pt)
* v-part:(T,H,B)=(56.9055pt, 576.16402pt, 71.13188pt)
* \paperwidth=597.49146pt
* \paperheight=845.03174pt
* \textwidth=388.36862pt
* \textheight=592.0pt
* \oddsidemargin=-15.36449pt
* \evensidemargin=-15.36449pt
* \topmargin=-49.67532pt
* \headheight=20.0pt
* \headsep=14.31084pt
* \topskip=12.76073pt
* \footskip=0.0pt
* \marginparwidth=18.49374pt
* \marginparsep=18.49374pt
* \columnsep=18.49374pt
* \skip\footins=16.0pt plus 5.0pt minus 2.0pt
* \hoffset=12.0588pt
* \voffset=12.0588pt
* \mag=1200
* \@twocolumnfalse
* \@twosidetrue
* \@mparswitchtrue
* \@reversemarginfalse
* (1in=72.27pt=25.4mm, 1cm=28.453pt)

Package hyperref Info: Link coloring OFF on input line 80.
(/usr/local/texlive/2020/texmf-dist/tex/latex/hyperref/nameref.sty
Package: nameref 2019/09/16 v2.46 Cross-referencing by name of section

(/usr/local/texlive/2020/texmf-dist/tex/latex/refcount/refcount.sty
Package: refcount 2019/12/15 v3.6 Data extraction from label references (HO)
)
(/usr/local/texlive/2020/texmf-dist/tex/generic/gettitlestring/gettitlestring.s
ty
Package: gettitlestring 2019/12/15 v1.6 Cleanup title references (HO)
)
\c@section@level=\count300
)
LaTeX Info: Redefining \ref on input line 80.
LaTeX Info: Redefining \pageref on input line 80.
LaTeX Info: Redefining \nameref on input line 80.
 (./MasterThesis_goto_v1.out) (./MasterThesis_goto_v1.out)
\@outlinefile=\write5
\openout5 = `MasterThesis_goto_v1.out'.

Package caption Info: Begin \AtBeginDocument code.
Package caption Info: float package is loaded.
Package caption Info: listings package is loaded.
Package caption Info: End \AtBeginDocument code.
\c@lstlisting=\count301
LaTeX Font Info:    Font shape `JT1/hmc/m/n' will be
(Font)              scaled to size 13.31541pt on input line 84.
LaTeX Font Info:    Font shape `JY1/hmc/m/n' will be
(Font)              scaled to size 13.31541pt on input line 84.
LaTeX Font Info:    Font shape `JT1/hmc/m/n' will be
(Font)              scaled to size 11.09619pt on input line 87.
LaTeX Font Info:    Font shape `JY1/hmc/m/n' will be
(Font)              scaled to size 11.09619pt on input line 87.
File: Figure/1Introduction/KyushuUniversityLogo.eps Graphic file (type eps)
<Figure/1Introduction/KyushuUniversityLogo.eps>
 [1


] [2]
\openout2 = `Chapter/0Abstract.aux'.


(./Chapter/0Abstract.tex
LaTeX Font Info:    Font shape `JT1/hmc/m/n' will be
(Font)              scaled to size 19.17792pt on input line 10.
LaTeX Font Info:    Font shape `JY1/hmc/m/n' will be
(Font)              scaled to size 19.17792pt on input line 10.
)

Package Fancyhdr Warning: \footskip is too small (0.0pt): 
Make it at least 16.0pt.
We now make it that large for the rest of the document.
This may cause the page layout to be inconsistent, however.

[3

] [4


]
LaTeX Font Info:    Font shape `JT1/hmc/bx/n' in size <10> not available
(Font)              Font shape `JT1/hgt/m/n' tried instead on input line 101.
LaTeX Font Info:    Font shape `JT1/hgt/m/n' will be
(Font)              scaled to size 9.24683pt on input line 101.
LaTeX Font Info:    Font shape `JY1/hmc/bx/n' in size <10> not available
(Font)              Font shape `JY1/hgt/m/n' tried instead on input line 101.
LaTeX Font Info:    Font shape `JY1/hgt/m/n' will be
(Font)              scaled to size 9.24683pt on input line 101.
LaTeX Font Info:    Font shape `JT1/hmc/m/n' will be
(Font)              scaled to size 23.0061pt on input line 101.
LaTeX Font Info:    Font shape `JY1/hmc/m/n' will be
(Font)              scaled to size 23.0061pt on input line 101.
LaTeX Font Info:    Font shape `JT1/hmc/bx/n' in size <24.88> not available
(Font)              Font shape `JT1/hgt/m/n' tried instead on input line 101.
LaTeX Font Info:    Font shape `JT1/hgt/m/n' will be
(Font)              scaled to size 23.0061pt on input line 101.
LaTeX Font Info:    Font shape `JY1/hmc/bx/n' in size <24.88> not available
(Font)              Font shape `JY1/hgt/m/n' tried instead on input line 101.
LaTeX Font Info:    Font shape `JY1/hgt/m/n' will be
(Font)              scaled to size 23.0061pt on input line 101.
 (./MasterThesis_goto_v1.toc
LaTeX Font Info:    Font shape `JY1/hmc/m/n' will be
(Font)              scaled to size 6.47278pt on input line 2.
LaTeX Font Info:    Font shape `JY1/hmc/m/n' will be
(Font)              scaled to size 4.62341pt on input line 2.
LaTeX Font Info:    Trying to load font information for U+msa on input line 2.

(/usr/local/texlive/2020/texmf-dist/tex/latex/amsfonts/umsa.fd
File: umsa.fd 2013/01/14 v3.01 AMS symbols A
)
LaTeX Font Info:    Trying to load font information for U+msb on input line 2.

(/usr/local/texlive/2020/texmf-dist/tex/latex/amsfonts/umsb.fd
File: umsb.fd 2013/01/14 v3.01 AMS symbols B
)
LaTeX Font Info:    Font shape `JY1/gt/m/n' will be
(Font)              scaled to size 9.60999pt on input line 2.
LaTeX Font Info:    Font shape `JY1/gt/m/n' will be
(Font)              scaled to size 6.72699pt on input line 2.
LaTeX Font Info:    Font shape `JY1/gt/m/n' will be
(Font)              scaled to size 4.805pt on input line 2.
 [5

])
\tf@toc=\write6
\openout6 = `MasterThesis_goto_v1.toc'.

 [6]
(./MasterThesis_goto_v1.lof [7

])
\tf@lof=\write7
\openout7 = `MasterThesis_goto_v1.lof'.

 [8] (./MasterThesis_goto_v1.lot)
\tf@lot=\write8
\openout8 = `MasterThesis_goto_v1.lot'.

 [9

]
\openout2 = `Chapter/1Introduction.aux'.


(./Chapter/1Introduction.tex
第1章
LaTeX Font Info:    Font shape `JT1/hmc/bx/n' in size <20.74> not available
(Font)              Font shape `JT1/hgt/m/n' tried instead on input line 4.
LaTeX Font Info:    Font shape `JT1/hgt/m/n' will be
(Font)              scaled to size 19.17792pt on input line 4.
LaTeX Font Info:    Font shape `JY1/hmc/bx/n' in size <20.74> not available
(Font)              Font shape `JY1/hgt/m/n' tried instead on input line 4.
LaTeX Font Info:    Font shape `JY1/hgt/m/n' will be
(Font)              scaled to size 19.17792pt on input line 4.
LaTeX Font Info:    Font shape `JT1/hmc/bx/n' in size <14.4> not available
(Font)              Font shape `JT1/hgt/m/n' tried instead on input line 18.
LaTeX Font Info:    Font shape `JT1/hgt/m/n' will be
(Font)              scaled to size 13.31541pt on input line 18.
LaTeX Font Info:    Font shape `JY1/hmc/bx/n' in size <14.4> not available
(Font)              Font shape `JY1/hgt/m/n' tried instead on input line 18.
LaTeX Font Info:    Font shape `JY1/hgt/m/n' will be
(Font)              scaled to size 13.31541pt on input line 18.
LaTeX Font Info:    Kanji font shape `JY1/hmc/m/it' undefined
(Font)              No change on input line 27.
LaTeX Font Info:    Font shape `JT1/hmc/m/n' will be
(Font)              scaled to size 6.47278pt on input line 27.
LaTeX Font Info:    Font shape `JT1/hmc/m/n' will be
(Font)              scaled to size 4.62341pt on input line 27.
LaTeX Font Info:    Kanji font shape `JY1/hmc/m/it' undefined
(Font)              No change on input line 27.
LaTeX Font Info:    Kanji font shape `JY1/hmc/m/it' undefined
(Font)              No change on input line 27.
LaTeX Font Info:    Kanji font shape `JY1/hmc/m/it' undefined
(Font)              No change on input line 27.
LaTeX Font Info:    Kanji font shape `JY1/hmc/m/it' undefined
(Font)              No change on input line 27.
LaTeX Font Info:    Kanji font shape `JY1/hmc/m/it' undefined
(Font)              No change on input line 27.
LaTeX Font Info:    Kanji font shape `JY1/hmc/m/it' undefined
(Font)              No change on input line 28.
[10


]
runsystem([ 'Figure/1Introduction/1SMParticle.png' -nt 'Figure/1Introduction/1S
MParticle.bb' ] && cd 'Figure/1Introduction/' && ebb '1SMParticle.png')...disab
led (restricted).

File: Figure/1Introduction/1SMParticle.png Graphic file (type bmp)
<Figure/1Introduction/1SMParticle.png>
LaTeX Font Info:    Font shape `JT1/hmc/m/n' will be
(Font)              scaled to size 8.32214pt on input line 43.
LaTeX Font Info:    Font shape `JY1/hmc/m/n' will be
(Font)              scaled to size 8.32214pt on input line 43.
LaTeX Font Info:    Font shape `JT1/hmc/bx/n' in size <9> not available
(Font)              Font shape `JT1/hgt/m/n' tried instead on input line 43.
LaTeX Font Info:    Font shape `JT1/hgt/m/n' will be
(Font)              scaled to size 8.32214pt on input line 43.
LaTeX Font Info:    Font shape `JY1/hmc/bx/n' in size <9> not available
(Font)              Font shape `JY1/hgt/m/n' tried instead on input line 43.
LaTeX Font Info:    Font shape `JY1/hgt/m/n' will be
(Font)              scaled to size 8.32214pt on input line 43.
 [11]
runsystem([ 'Figure/1Introduction/2InternationalLinearCollider.jpg' -nt 'Figure
/1Introduction/2InternationalLinearCollider.bb' ] && cd 'Figure/1Introduction/'
 && ebb '2InternationalLinearCollider.jpg')...disabled (restricted).

File: Figure/1Introduction/2InternationalLinearCollider.jpg Graphic file (type 
bmp)
<Figure/1Introduction/2InternationalLinearCollider.jpg>
runsystem([ 'Figure/1Introduction/3ILCProject.png' -nt 'Figure/1Introduction/3I
LCProject.bb' ] && cd 'Figure/1Introduction/' && ebb '3ILCProject.png')...disab
led (restricted).

File: Figure/1Introduction/3ILCProject.png Graphic file (type bmp)
<Figure/1Introduction/3ILCProject.png>
 [12]
runsystem([ 'Figure/1Introduction/4eetoZH.png' -nt 'Figure/1Introduction/4eetoZ
H.bb' ] && cd 'Figure/1Introduction/' && ebb '4eetoZH.png')...disabled (restric
ted).

File: Figure/1Introduction/4eetoZH.png Graphic file (type bmp)
<Figure/1Introduction/4eetoZH.png>
LaTeX Font Info:    Font shape `JY1/hmc/m/n' will be
(Font)              scaled to size 5.5481pt on input line 98.
LaTeX Font Info:    Font shape `JY1/gt/m/n' will be
(Font)              scaled to size 8.64899pt on input line 98.
LaTeX Font Info:    Font shape `JY1/gt/m/n' will be
(Font)              scaled to size 5.76599pt on input line 98.
 [13]
runsystem([ 'Figure/1Introduction/5-1InternationalLargeDetector.jpg' -nt 'Figur
e/1Introduction/5-1InternationalLargeDetector.bb' ] && cd 'Figure/1Introduction
/' && ebb '5-1InternationalLargeDetector.jpg')...disabled (restricted).

File: Figure/1Introduction/5-1InternationalLargeDetector.jpg Graphic file (type
 bmp)
<Figure/1Introduction/5-1InternationalLargeDetector.jpg>
LaTeX Font Info:    Font shape `JT1/hmc/m/n' will be
(Font)              scaled to size 7.39746pt on input line 137.
LaTeX Font Info:    Font shape `JY1/hmc/m/n' will be
(Font)              scaled to size 7.39746pt on input line 137.
LaTeX Font Info:    Font shape `JT1/hmc/bx/n' in size <8> not available
(Font)              Font shape `JT1/hgt/m/n' tried instead on input line 137.
LaTeX Font Info:    Font shape `JT1/hgt/m/n' will be
(Font)              scaled to size 7.39746pt on input line 137.
LaTeX Font Info:    Font shape `JY1/hmc/bx/n' in size <8> not available
(Font)              Font shape `JY1/hgt/m/n' tried instead on input line 137.
LaTeX Font Info:    Font shape `JY1/hgt/m/n' will be
(Font)              scaled to size 7.39746pt on input line 137.
runsystem([ 'Figure/1Introduction/5-2InternationalLargeDetector.png' -nt 'Figur
e/1Introduction/5-2InternationalLargeDetector.bb' ] && cd 'Figure/1Introduction
/' && ebb '5-2InternationalLargeDetector.png')...disabled (restricted).

File: Figure/1Introduction/5-2InternationalLargeDetector.png Graphic file (type
 bmp)
<Figure/1Introduction/5-2InternationalLargeDetector.png>

Overfull \hbox (12.77766pt too wide) in alignment at lines 191--191
[] [] [] [] [] []
 []

[14] [15]
LaTeX Font Info:    Font shape `JT1/hmc/bx/n' in size <12> not available
(Font)              Font shape `JT1/hgt/m/n' tried instead on input line 212.
LaTeX Font Info:    Font shape `JT1/hgt/m/n' will be
(Font)              scaled to size 11.09619pt on input line 212.
LaTeX Font Info:    Font shape `JY1/hmc/bx/n' in size <12> not available
(Font)              Font shape `JY1/hgt/m/n' tried instead on input line 212.
LaTeX Font Info:    Font shape `JY1/hgt/m/n' will be
(Font)              scaled to size 11.09619pt on input line 212.
 [16]
runsystem([ 'Figure/1Introduction/6ReconstructedVertex.png' -nt 'Figure/1Introd
uction/6ReconstructedVertex.bb' ] && cd 'Figure/1Introduction/' && ebb '6Recons
tructedVertex.png')...disabled (restricted).

File: Figure/1Introduction/6ReconstructedVertex.png Graphic file (type bmp)
<Figure/1Introduction/6ReconstructedVertex.png>
 [17] [18]
runsystem([ 'Figure/1Introduction/7JetReconstructionwithDeepLearning.png' -nt '
Figure/1Introduction/7JetReconstructionwithDeepLearning.bb' ] && cd 'Figure/1In
troduction/' && ebb '7JetReconstructionwithDeepLearning.png')...disabled (restr
icted).

File: Figure/1Introduction/7JetReconstructionwithDeepLearning.png Graphic file 
(type bmp)
<Figure/1Introduction/7JetReconstructionwithDeepLearning.png>
 [19]) [20]
\openout2 = `Chapter/2DeepLearning.aux'.

 (./Chapter/2DeepLearning.tex
第2章
[21




]
runsystem([ 'Figure/2DeepLearning/1MachineLearning.png' -nt 'Figure/2DeepLearni
ng/1MachineLearning.bb' ] && cd 'Figure/2DeepLearning/' && ebb '1MachineLearnin
g.png')...disabled (restricted).

File: Figure/2DeepLearning/1MachineLearning.png Graphic file (type bmp)
<Figure/2DeepLearning/1MachineLearning.png>
 [22]
runsystem([ 'Figure/2DeepLearning/2SimplePerceptron.png' -nt 'Figure/2DeepLearn
ing/2SimplePerceptron.bb' ] && cd 'Figure/2DeepLearning/' && ebb '2SimplePercep
tron.png')...disabled (restricted).

File: Figure/2DeepLearning/2SimplePerceptron.png Graphic file (type bmp)
<Figure/2DeepLearning/2SimplePerceptron.png>
runsystem([ 'Figure/2DeepLearning/3HeavisideStepFunction.png' -nt 'Figure/2Deep
Learning/3HeavisideStepFunction.bb' ] && cd 'Figure/2DeepLearning/' && ebb '3He
avisideStepFunction.png')...disabled (restricted).

File: Figure/2DeepLearning/3HeavisideStepFunction.png Graphic file (type bmp)
<Figure/2DeepLearning/3HeavisideStepFunction.png>
 [23]
runsystem([ 'Figure/2DeepLearning/4MultiLayerPerceptron.png' -nt 'Figure/2DeepL
earning/4MultiLayerPerceptron.bb' ] && cd 'Figure/2DeepLearning/' && ebb '4Mult
iLayerPerceptron.png')...disabled (restricted).

File: Figure/2DeepLearning/4MultiLayerPerceptron.png Graphic file (type bmp)
<Figure/2DeepLearning/4MultiLayerPerceptron.png>
 [24]
LaTeX Font Info:    Font shape `JY1/gt/m/n' will be
(Font)              scaled to size 7.68799pt on input line 169.
LaTeX Font Info:    Font shape `JT1/hmc/m/n' will be
(Font)              scaled to size 5.5481pt on input line 169.
 [25]
runsystem([ 'Figure/2DeepLearning/5ActivationFunction.png' -nt 'Figure/2DeepLea
rning/5ActivationFunction.bb' ] && cd 'Figure/2DeepLearning/' && ebb '5Activati
onFunction.png')...disabled (restricted).

File: Figure/2DeepLearning/5ActivationFunction.png Graphic file (type bmp)
<Figure/2DeepLearning/5ActivationFunction.png>
runsystem([ 'Figure/2DeepLearning/6NeuralNetwork.png' -nt 'Figure/2DeepLearning
/6NeuralNetwork.bb' ] && cd 'Figure/2DeepLearning/' && ebb '6NeuralNetwork.png'
)...disabled (restricted).

File: Figure/2DeepLearning/6NeuralNetwork.png Graphic file (type bmp)
<Figure/2DeepLearning/6NeuralNetwork.png>
 [26]
LaTeX Font Info:    Font shape `JY1/hmc/bx/n' in size <7> not available
(Font)              Font shape `JY1/hgt/m/n' tried instead on input line 291.
LaTeX Font Info:    Font shape `JY1/hgt/m/n' will be
(Font)              scaled to size 6.47278pt on input line 291.
LaTeX Font Info:    Font shape `JY1/hmc/bx/n' in size <5> not available
(Font)              Font shape `JY1/hgt/m/n' tried instead on input line 291.
LaTeX Font Info:    Font shape `JY1/hgt/m/n' will be
(Font)              scaled to size 4.62341pt on input line 291.
 [27] [28] [29] [30] [31]
runsystem([ 'Figure/2DeepLearning/7RecurrentNeuralNetwork.png' -nt 'Figure/2Dee
pLearning/7RecurrentNeuralNetwork.bb' ] && cd 'Figure/2DeepLearning/' && ebb '7
RecurrentNeuralNetwork.png')...disabled (restricted).

File: Figure/2DeepLearning/7RecurrentNeuralNetwork.png Graphic file (type bmp)
<Figure/2DeepLearning/7RecurrentNeuralNetwork.png>
runsystem([ 'Figure/2DeepLearning/8RNNWeight.png' -nt 'Figure/2DeepLearning/8RN
NWeight.bb' ] && cd 'Figure/2DeepLearning/' && ebb '8RNNWeight.png')...disabled
 (restricted).

File: Figure/2DeepLearning/8RNNWeight.png Graphic file (type bmp)
<Figure/2DeepLearning/8RNNWeight.png>
LaTeX Font Info:    Font shape `JY1/hmc/bx/n' in size <6> not available
(Font)              Font shape `JY1/hgt/m/n' tried instead on input line 576.
LaTeX Font Info:    Font shape `JY1/hgt/m/n' will be
(Font)              scaled to size 5.5481pt on input line 576.
 [32]
runsystem([ 'Figure/2DeepLearning/9RNNOutputs.png' -nt 'Figure/2DeepLearning/9R
NNOutputs.bb' ] && cd 'Figure/2DeepLearning/' && ebb '9RNNOutputs.png')...disab
led (restricted).

File: Figure/2DeepLearning/9RNNOutputs.png Graphic file (type bmp)
<Figure/2DeepLearning/9RNNOutputs.png>
 [33] [34]
runsystem([ 'Figure/2DeepLearning/10LongShortTermMemory.png' -nt 'Figure/2DeepL
earning/10LongShortTermMemory.bb' ] && cd 'Figure/2DeepLearning/' && ebb '10Lon
gShortTermMemory.png')...disabled (restricted).

File: Figure/2DeepLearning/10LongShortTermMemory.png Graphic file (type bmp)
<Figure/2DeepLearning/10LongShortTermMemory.png>
runsystem([ 'Figure/2DeepLearning/11LSTM.png' -nt 'Figure/2DeepLearning/11LSTM.
bb' ] && cd 'Figure/2DeepLearning/' && ebb '11LSTM.png')...disabled (restricted
).

File: Figure/2DeepLearning/11LSTM.png Graphic file (type bmp)
<Figure/2DeepLearning/11LSTM.png>
 [35]
[36]
runsystem([ 'Figure/2DeepLearning/12ForgetGate.png' -nt 'Figure/2DeepLearning/1
2ForgetGate.bb' ] && cd 'Figure/2DeepLearning/' && ebb '12ForgetGate.png')...di
sabled (restricted).

File: Figure/2DeepLearning/12ForgetGate.png Graphic file (type bmp)
<Figure/2DeepLearning/12ForgetGate.png>
runsystem([ 'Figure/2DeepLearning/13InputGate.png' -nt 'Figure/2DeepLearning/13
InputGate.bb' ] && cd 'Figure/2DeepLearning/' && ebb '13InputGate.png')...disab
led (restricted).

File: Figure/2DeepLearning/13InputGate.png Graphic file (type bmp)
<Figure/2DeepLearning/13InputGate.png>
runsystem([ 'Figure/2DeepLearning/14CellUpdate.png' -nt 'Figure/2DeepLearning/1
4CellUpdate.bb' ] && cd 'Figure/2DeepLearning/' && ebb '14CellUpdate.png')...di
sabled (restricted).

File: Figure/2DeepLearning/14CellUpdate.png Graphic file (type bmp)
<Figure/2DeepLearning/14CellUpdate.png>
runsystem([ 'Figure/2DeepLearning/15OutputGate.png' -nt 'Figure/2DeepLearning/1
5OutputGate.bb' ] && cd 'Figure/2DeepLearning/' && ebb '15OutputGate.png')...di
sabled (restricted).

File: Figure/2DeepLearning/15OutputGate.png Graphic file (type bmp)
<Figure/2DeepLearning/15OutputGate.png>
 [37]
runsystem([ 'Figure/2DeepLearning/16StackedLSTM.png' -nt 'Figure/2DeepLearning/
16StackedLSTM.bb' ] && cd 'Figure/2DeepLearning/' && ebb '16StackedLSTM.png')..
.disabled (restricted).

File: Figure/2DeepLearning/16StackedLSTM.png Graphic file (type bmp)
<Figure/2DeepLearning/16StackedLSTM.png>
runsystem([ 'Figure/2DeepLearning/17BidirectionalLSTM.png' -nt 'Figure/2DeepLea
rning/17BidirectionalLSTM.bb' ] && cd 'Figure/2DeepLearning/' && ebb '17Bidirec
tionalLSTM.png')...disabled (restricted).

File: Figure/2DeepLearning/17BidirectionalLSTM.png Graphic file (type bmp)
<Figure/2DeepLearning/17BidirectionalLSTM.png>
 [38] [39]
runsystem([ 'Figure/2DeepLearning/18EncoderDecoderLSTM.png' -nt 'Figure/2DeepLe
arning/18EncoderDecoderLSTM.bb' ] && cd 'Figure/2DeepLearning/' && ebb '18Encod
erDecoderLSTM.png')...disabled (restricted).

File: Figure/2DeepLearning/18EncoderDecoderLSTM.png Graphic file (type bmp)
<Figure/2DeepLearning/18EncoderDecoderLSTM.png>
runsystem([ 'Figure/2DeepLearning/19EncoderDecoderAttention.png' -nt 'Figure/2D
eepLearning/19EncoderDecoderAttention.bb' ] && cd 'Figure/2DeepLearning/' && eb
b '19EncoderDecoderAttention.png')...disabled (restricted).

File: Figure/2DeepLearning/19EncoderDecoderAttention.png Graphic file (type bmp
)
<Figure/2DeepLearning/19EncoderDecoderAttention.png>
 [40] [41]
runsystem([ 'Figure/2DeepLearning/20Attention.png' -nt 'Figure/2DeepLearning/20
Attention.bb' ] && cd 'Figure/2DeepLearning/' && ebb '20Attention.png')...disab
led (restricted).

File: Figure/2DeepLearning/20Attention.png Graphic file (type bmp)
<Figure/2DeepLearning/20Attention.png>
 [42]) [43]
\openout2 = `Chapter/3Networks.aux'.

 (./Chapter/3Networks.tex
第3章
[44




]

LaTeX Warning: Reference `chap:Conparison' on page 45 undefined on input line 9
4.

runsystem([ 'Figure/3Networks/3-1-1-1FinalStateBB.png' -nt 'Figure/3Networks/3-
1-1-1FinalStateBB.bb' ] && cd 'Figure/3Networks/' && ebb '3-1-1-1FinalStateBB.p
ng')...disabled (restricted).

File: Figure/3Networks/3-1-1-1FinalStateBB.png Graphic file (type bmp)
<Figure/3Networks/3-1-1-1FinalStateBB.png>
[45]
runsystem([ 'Figure/3Networks/3-1-1-2TracksandVertices.png' -nt 'Figure/3Networ
ks/3-1-1-2TracksandVertices.bb' ] && cd 'Figure/3Networks/' && ebb '3-1-1-2Trac
ksandVertices.png')...disabled (restricted).

File: Figure/3Networks/3-1-1-2TracksandVertices.png Graphic file (type bmp)
<Figure/3Networks/3-1-1-2TracksandVertices.png>
 [46]
runsystem([ 'Figure/3Networks/3-1-2-1TrackParameters.png' -nt 'Figure/3Networks
/3-1-2-1TrackParameters.bb' ] && cd 'Figure/3Networks/' && ebb '3-1-2-1TrackPar
ameters.png')...disabled (restricted).

File: Figure/3Networks/3-1-2-1TrackParameters.png Graphic file (type bmp)
<Figure/3Networks/3-1-2-1TrackParameters.png>
runsystem([ 'Figure/3Networks/3-1-2-2OriginalVariablesBB.png' -nt 'Figure/3Netw
orks/3-1-2-2OriginalVariablesBB.bb' ] && cd 'Figure/3Networks/' && ebb '3-1-2-2
OriginalVariablesBB.png')...disabled (restricted).

File: Figure/3Networks/3-1-2-2OriginalVariablesBB.png Graphic file (type bmp)
<Figure/3Networks/3-1-2-2OriginalVariablesBB.png>
runsystem([ 'Figure/3Networks/3-1-2-2OriginalVariablesCC.png' -nt 'Figure/3Netw
orks/3-1-2-2OriginalVariablesCC.bb' ] && cd 'Figure/3Networks/' && ebb '3-1-2-2
OriginalVariablesCC.png')...disabled (restricted).

File: Figure/3Networks/3-1-2-2OriginalVariablesCC.png Graphic file (type bmp)
<Figure/3Networks/3-1-2-2OriginalVariablesCC.png>
runsystem([ 'Figure/3Networks/3-1-2-2ReshapedVariablesBB.png' -nt 'Figure/3Netw
orks/3-1-2-2ReshapedVariablesBB.bb' ] && cd 'Figure/3Networks/' && ebb '3-1-2-2
ReshapedVariablesBB.png')...disabled (restricted).

File: Figure/3Networks/3-1-2-2ReshapedVariablesBB.png Graphic file (type bmp)
<Figure/3Networks/3-1-2-2ReshapedVariablesBB.png>
runsystem([ 'Figure/3Networks/3-1-2-2ReshapedVariablesCC.png' -nt 'Figure/3Netw
orks/3-1-2-2ReshapedVariablesCC.bb' ] && cd 'Figure/3Networks/' && ebb '3-1-2-2
ReshapedVariablesCC.png')...disabled (restricted).

File: Figure/3Networks/3-1-2-2ReshapedVariablesCC.png Graphic file (type bmp)
<Figure/3Networks/3-1-2-2ReshapedVariablesCC.png>
 [47] [48]
runsystem([ 'Figure/3Networks/3-1-2-3VertexPositions.png' -nt 'Figure/3Networks
/3-1-2-3VertexPositions.bb' ] && cd 'Figure/3Networks/' && ebb '3-1-2-3VertexPo
sitions.png')...disabled (restricted).

File: Figure/3Networks/3-1-2-3VertexPositions.png Graphic file (type bmp)
<Figure/3Networks/3-1-2-3VertexPositions.png>
runsystem([ 'Figure/3Networks/3-1-2-4VertexPositionsvsChiSquare.png' -nt 'Figur
e/3Networks/3-1-2-4VertexPositionsvsChiSquare.bb' ] && cd 'Figure/3Networks/' &
& ebb '3-1-2-4VertexPositionsvsChiSquare.png')...disabled (restricted).

File: Figure/3Networks/3-1-2-4VertexPositionsvsChiSquare.png Graphic file (type
 bmp)
<Figure/3Networks/3-1-2-4VertexPositionsvsChiSquare.png>
 [49] [50] [51]
runsystem([ 'Figure/3Networks/3-3-0-1SecondaryVertexBC.png' -nt 'Figure/3Networ
ks/3-3-0-1SecondaryVertexBC.bb' ] && cd 'Figure/3Networks/' && ebb '3-3-0-1Seco
ndaryVertexBC.png')...disabled (restricted).

File: Figure/3Networks/3-3-0-1SecondaryVertexBC.png Graphic file (type bmp)
<Figure/3Networks/3-3-0-1SecondaryVertexBC.png>
 [52]
runsystem([ 'Figure/3Networks/3-3-1-1PairModel.png' -nt 'Figure/3Networks/3-3-1
-1PairModel.bb' ] && cd 'Figure/3Networks/' && ebb '3-3-1-1PairModel.png')...di
sabled (restricted).

File: Figure/3Networks/3-3-1-1PairModel.png Graphic file (type bmp)
<Figure/3Networks/3-3-1-1PairModel.png>
runsystem([ 'Figure/3Networks/3-3-2-1ImbalancedData.png' -nt 'Figure/3Networks/
3-3-2-1ImbalancedData.bb' ] && cd 'Figure/3Networks/' && ebb '3-3-2-1Imbalanced
Data.png')...disabled (restricted).

File: Figure/3Networks/3-3-2-1ImbalancedData.png Graphic file (type bmp)
<Figure/3Networks/3-3-2-1ImbalancedData.png>
 [53] [54]
runsystem([ 'Figure/3Networks/3-3-2-2ImbalancedData.png' -nt 'Figure/3Networks/
3-3-2-2ImbalancedData.bb' ] && cd 'Figure/3Networks/' && ebb '3-3-2-2Imbalanced
Data.png')...disabled (restricted).

File: Figure/3Networks/3-3-2-2ImbalancedData.png Graphic file (type bmp)
<Figure/3Networks/3-3-2-2ImbalancedData.png>
 [55] [56]
runsystem([ 'Figure/3Networks/3-3-3-1PairNetworkA.png' -nt 'Figure/3Networks/3-
3-3-1PairNetworkA.bb' ] && cd 'Figure/3Networks/' && ebb '3-3-3-1PairNetworkA.p
ng')...disabled (restricted).

File: Figure/3Networks/3-3-3-1PairNetworkA.png Graphic file (type bmp)
<Figure/3Networks/3-3-3-1PairNetworkA.png>
runsystem([ 'Figure/3Networks/3-3-3-1PairNetworkB.png' -nt 'Figure/3Networks/3-
3-3-1PairNetworkB.bb' ] && cd 'Figure/3Networks/' && ebb '3-3-3-1PairNetworkB.p
ng')...disabled (restricted).

File: Figure/3Networks/3-3-3-1PairNetworkB.png Graphic file (type bmp)
<Figure/3Networks/3-3-3-1PairNetworkB.png>
 [57]
runsystem([ 'Figure/3Networks/3-3-3-2Efficiency_Curve_1.png' -nt 'Figure/3Netwo
rks/3-3-3-2Efficiency_Curve_1.bb' ] && cd 'Figure/3Networks/' && ebb '3-3-3-2Ef
ficiency_Curve_1.png')...disabled (restricted).

File: Figure/3Networks/3-3-3-2Efficiency_Curve_1.png Graphic file (type bmp)
<Figure/3Networks/3-3-3-2Efficiency_Curve_1.png>
runsystem([ 'Figure/3Networks/3-3-3-2Efficiency_Curve_2.png' -nt 'Figure/3Netwo
rks/3-3-3-2Efficiency_Curve_2.bb' ] && cd 'Figure/3Networks/' && ebb '3-3-3-2Ef
ficiency_Curve_2.png')...disabled (restricted).

File: Figure/3Networks/3-3-3-2Efficiency_Curve_2.png Graphic file (type bmp)
<Figure/3Networks/3-3-3-2Efficiency_Curve_2.png>
runsystem([ 'Figure/3Networks/3-3-3-2ROC_Curve_1.png' -nt 'Figure/3Networks/3-3
-3-2ROC_Curve_1.bb' ] && cd 'Figure/3Networks/' && ebb '3-3-3-2ROC_Curve_1.png'
)...disabled (restricted).

File: Figure/3Networks/3-3-3-2ROC_Curve_1.png Graphic file (type bmp)
<Figure/3Networks/3-3-3-2ROC_Curve_1.png>
runsystem([ 'Figure/3Networks/3-3-3-2ROC_Curve_2.png' -nt 'Figure/3Networks/3-3
-3-2ROC_Curve_2.bb' ] && cd 'Figure/3Networks/' && ebb '3-3-3-2ROC_Curve_2.png'
)...disabled (restricted).

File: Figure/3Networks/3-3-3-2ROC_Curve_2.png Graphic file (type bmp)
<Figure/3Networks/3-3-3-2ROC_Curve_2.png>
runsystem([ 'Figure/3Networks/3-3-3-2ConfusionMatrix_1.png' -nt 'Figure/3Networ
ks/3-3-3-2ConfusionMatrix_1.bb' ] && cd 'Figure/3Networks/' && ebb '3-3-3-2Conf
usionMatrix_1.png')...disabled (restricted).

File: Figure/3Networks/3-3-3-2ConfusionMatrix_1.png Graphic file (type bmp)
<Figure/3Networks/3-3-3-2ConfusionMatrix_1.png>
runsystem([ 'Figure/3Networks/3-3-3-2ConfusionMatrix_2.png' -nt 'Figure/3Networ
ks/3-3-3-2ConfusionMatrix_2.bb' ] && cd 'Figure/3Networks/' && ebb '3-3-3-2Conf
usionMatrix_2.png')...disabled (restricted).

File: Figure/3Networks/3-3-3-2ConfusionMatrix_2.png Graphic file (type bmp)
<Figure/3Networks/3-3-3-2ConfusionMatrix_2.png>


LaTeX Warning: Float too large for page by 43.1412pt on input line 582.

[58] [59] [60] [61]

LaTeX Warning: Reference `' on page 62 undefined on input line 601.

runsystem([ 'Figure/3Networks/3-3-3-3tSNE.png' -nt 'Figure/3Networks/3-3-3-3tSN
E.bb' ] && cd 'Figure/3Networks/' && ebb '3-3-3-3tSNE.png')...disabled (restric
ted).

File: Figure/3Networks/3-3-3-3tSNE.png Graphic file (type bmp)
<Figure/3Networks/3-3-3-3tSNE.png>
[62]
runsystem([ 'Figure/3Networks/3-4-0-1VertexProductionwithRNN.png' -nt 'Figure/3
Networks/3-4-0-1VertexProductionwithRNN.bb' ] && cd 'Figure/3Networks/' && ebb 
'3-4-0-1VertexProductionwithRNN.png')...disabled (restricted).

File: Figure/3Networks/3-4-0-1VertexProductionwithRNN.png Graphic file (type bm
p)
<Figure/3Networks/3-4-0-1VertexProductionwithRNN.png>
runsystem([ 'Figure/3Networks/3-4-1-1SimpleVLSTM.png' -nt 'Figure/3Networks/3-4
-1-1SimpleVLSTM.bb' ] && cd 'Figure/3Networks/' && ebb '3-4-1-1SimpleVLSTM.png'
)...disabled (restricted).

File: Figure/3Networks/3-4-1-1SimpleVLSTM.png Graphic file (type bmp)
<Figure/3Networks/3-4-1-1SimpleVLSTM.png>
 [63] [64]
runsystem([ 'Figure/3Networks/3-4-1-2VLSTMStructure.png' -nt 'Figure/3Networks/
3-4-1-2VLSTMStructure.bb' ] && cd 'Figure/3Networks/' && ebb '3-4-1-2VLSTMStruc
ture.png')...disabled (restricted).

File: Figure/3Networks/3-4-1-2VLSTMStructure.png Graphic file (type bmp)
<Figure/3Networks/3-4-1-2VLSTMStructure.png>
runsystem([ 'Figure/3Networks/3-4-1-3Interpretation.png' -nt 'Figure/3Networks/
3-4-1-3Interpretation.bb' ] && cd 'Figure/3Networks/' && ebb '3-4-1-3Interpreta
tion.png')...disabled (restricted).

File: Figure/3Networks/3-4-1-3Interpretation.png Graphic file (type bmp)
<Figure/3Networks/3-4-1-3Interpretation.png>
 [65]
runsystem([ 'Figure/3Networks/3-4-1-4EncoderDecoderVLSTM.png' -nt 'Figure/3Netw
orks/3-4-1-4EncoderDecoderVLSTM.bb' ] && cd 'Figure/3Networks/' && ebb '3-4-1-4
EncoderDecoderVLSTM.png')...disabled (restricted).

File: Figure/3Networks/3-4-1-4EncoderDecoderVLSTM.png Graphic file (type bmp)
<Figure/3Networks/3-4-1-4EncoderDecoderVLSTM.png>
runsystem([ 'Figure/3Networks/3-4-1-5AttentionVLSTM.png' -nt 'Figure/3Networks/
3-4-1-5AttentionVLSTM.bb' ] && cd 'Figure/3Networks/' && ebb '3-4-1-5AttentionV
LSTM.png')...disabled (restricted).

File: Figure/3Networks/3-4-1-5AttentionVLSTM.png Graphic file (type bmp)
<Figure/3Networks/3-4-1-5AttentionVLSTM.png>
 [66] [67] [68]
runsystem([ 'Figure/3Networks/3-4-2-1TrackShuffle.png' -nt 'Figure/3Networks/3-
4-2-1TrackShuffle.bb' ] && cd 'Figure/3Networks/' && ebb '3-4-2-1TrackShuffle.p
ng')...disabled (restricted).

File: Figure/3Networks/3-4-2-1TrackShuffle.png Graphic file (type bmp)
<Figure/3Networks/3-4-2-1TrackShuffle.png>
 [69]
runsystem([ 'Figure/3Networks/3-4-3-1LSTMvsVLSTM.png' -nt 'Figure/3Networks/3-4
-3-1LSTMvsVLSTM.bb' ] && cd 'Figure/3Networks/' && ebb '3-4-3-1LSTMvsVLSTM.png'
)...disabled (restricted).

File: Figure/3Networks/3-4-3-1LSTMvsVLSTM.png Graphic file (type bmp)
<Figure/3Networks/3-4-3-1LSTMvsVLSTM.png>
 [70]
runsystem([ 'Figure/3Networks/3-4-3-2EfficiencyCurve.png' -nt 'Figure/3Networks
/3-4-3-2EfficiencyCurve.bb' ] && cd 'Figure/3Networks/' && ebb '3-4-3-2Efficien
cyCurve.png')...disabled (restricted).

File: Figure/3Networks/3-4-3-2EfficiencyCurve.png Graphic file (type bmp)
<Figure/3Networks/3-4-3-2EfficiencyCurve.png>
runsystem([ 'Figure/3Networks/3-4-3-2ROCCurve.png' -nt 'Figure/3Networks/3-4-3-
2ROCCurve.bb' ] && cd 'Figure/3Networks/' && ebb '3-4-3-2ROCCurve.png')...disab
led (restricted).

File: Figure/3Networks/3-4-3-2ROCCurve.png Graphic file (type bmp)
<Figure/3Networks/3-4-3-2ROCCurve.png>
 [71] [72] [73]
runsystem([ 'Figure/3Networks/3-4-3-3AttentionWeightMap.png' -nt 'Figure/3Netwo
rks/3-4-3-3AttentionWeightMap.bb' ] && cd 'Figure/3Networks/' && ebb '3-4-3-3At
tentionWeightMap.png')...disabled (restricted).

File: Figure/3Networks/3-4-3-3AttentionWeightMap.png Graphic file (type bmp)
<Figure/3Networks/3-4-3-3AttentionWeightMap.png>
runsystem([ 'Figure/3Networks/3-4-3-3AttentionWeightGraph.png' -nt 'Figure/3Net
works/3-4-3-3AttentionWeightGraph.bb' ] && cd 'Figure/3Networks/' && ebb '3-4-3
-3AttentionWeightGraph.png')...disabled (restricted).

File: Figure/3Networks/3-4-3-3AttentionWeightGraph.png Graphic file (type bmp)
<Figure/3Networks/3-4-3-3AttentionWeightGraph.png>


LaTeX Warning: Float too large for page by 17.00304pt on input line 985.

) [74] [75]
\openout2 = `Chapter/4VertexFinderwithDL.aux'.

 (./Chapter/4VertexFinderwithDL.tex
第4章
[76




]
runsystem([ 'Figure/4VertexFinderwithDL/4-1-0-1VertexFinderAlgorithm.png' -nt '
Figure/4VertexFinderwithDL/4-1-0-1VertexFinderAlgorithm.bb' ] && cd 'Figure/4Ve
rtexFinderwithDL/' && ebb '4-1-0-1VertexFinderAlgorithm.png')...disabled (restr
icted).

File: Figure/4VertexFinderwithDL/4-1-0-1VertexFinderAlgorithm.png Graphic file 
(type bmp)
<Figure/4VertexFinderwithDL/4-1-0-1VertexFinderAlgorithm.png>
 [77] [78]
runsystem([ 'Figure/4VertexFinderwithDL/4-2-1-1SVSeed.png' -nt 'Figure/4VertexF
inderwithDL/4-2-1-1SVSeed.bb' ] && cd 'Figure/4VertexFinderwithDL/' && ebb '4-2
-1-1SVSeed.png')...disabled (restricted).

File: Figure/4VertexFinderwithDL/4-2-1-1SVSeed.png Graphic file (type bmp)
<Figure/4VertexFinderwithDL/4-2-1-1SVSeed.png>
 [79]
runsystem([ 'Figure/4VertexFinderwithDL/4-2-1-2PRCurve.png' -nt 'Figure/4Vertex
FinderwithDL/4-2-1-2PRCurve.bb' ] && cd 'Figure/4VertexFinderwithDL/' && ebb '4
-2-1-2PRCurve.png')...disabled (restricted).

File: Figure/4VertexFinderwithDL/4-2-1-2PRCurve.png Graphic file (type bmp)
<Figure/4VertexFinderwithDL/4-2-1-2PRCurve.png>
 [80]
runsystem([ 'Figure/4VertexFinderwithDL/4-2-2-1SameChainSameParticle.png' -nt '
Figure/4VertexFinderwithDL/4-2-2-1SameChainSameParticle.bb' ] && cd 'Figure/4Ve
rtexFinderwithDL/' && ebb '4-2-2-1SameChainSameParticle.png')...disabled (restr
icted).

File: Figure/4VertexFinderwithDL/4-2-2-1SameChainSameParticle.png Graphic file 
(type bmp)
<Figure/4VertexFinderwithDL/4-2-2-1SameChainSameParticle.png>
 [81]
runsystem([ 'Figure/4VertexFinderwithDL/4-2-2-2PrimaryOthers.png' -nt 'Figure/4
VertexFinderwithDL/4-2-2-2PrimaryOthers.bb' ] && cd 'Figure/4VertexFinderwithDL
/' && ebb '4-2-2-2PrimaryOthers.png')...disabled (restricted).

File: Figure/4VertexFinderwithDL/4-2-2-2PrimaryOthers.png Graphic file (type bm
p)
<Figure/4VertexFinderwithDL/4-2-2-2PrimaryOthers.png>
runsystem([ 'Figure/4VertexFinderwithDL/4-2-2-2BottomCharm.png' -nt 'Figure/4Ve
rtexFinderwithDL/4-2-2-2BottomCharm.bb' ] && cd 'Figure/4VertexFinderwithDL/' &
& ebb '4-2-2-2BottomCharm.png')...disabled (restricted).

File: Figure/4VertexFinderwithDL/4-2-2-2BottomCharm.png Graphic file (type bmp)

<Figure/4VertexFinderwithDL/4-2-2-2BottomCharm.png>
runsystem([ 'Figure/4VertexFinderwithDL/4-2-2-2SameDecayChain.png' -nt 'Figure/
4VertexFinderwithDL/4-2-2-2SameDecayChain.bb' ] && cd 'Figure/4VertexFinderwith
DL/' && ebb '4-2-2-2SameDecayChain.png')...disabled (restricted).

File: Figure/4VertexFinderwithDL/4-2-2-2SameDecayChain.png Graphic file (type b
mp)
<Figure/4VertexFinderwithDL/4-2-2-2SameDecayChain.png>
runsystem([ 'Figure/4VertexFinderwithDL/4-2-2-2SameParentParticle.png' -nt 'Fig
ure/4VertexFinderwithDL/4-2-2-2SameParentParticle.bb' ] && cd 'Figure/4VertexFi
nderwithDL/' && ebb '4-2-2-2SameParentParticle.png')...disabled (restricted).

File: Figure/4VertexFinderwithDL/4-2-2-2SameParentParticle.png Graphic file (ty
pe bmp)
<Figure/4VertexFinderwithDL/4-2-2-2SameParentParticle.png>


LaTeX Warning: Float too large for page by 49.97134pt on input line 201.

) [82] [83]
\openout2 = `Chapter/5Comparison.aux'.

 (./Chapter/5Comparison.tex
第5章

LaTeX Warning: Reference `' on page 84 undefined on input line 22.

[84




] [85] [86]
runsystem([ 'Figure/5Comparison/5-2-3-1FlavorTaggingROCCurve.png' -nt 'Figure/5
Comparison/5-2-3-1FlavorTaggingROCCurve.bb' ] && cd 'Figure/5Comparison/' && eb
b '5-2-3-1FlavorTaggingROCCurve.png')...disabled (restricted).

File: Figure/5Comparison/5-2-3-1FlavorTaggingROCCurve.png Graphic file (type bm
p)
<Figure/5Comparison/5-2-3-1FlavorTaggingROCCurve.png>
) [87] [88]
\openout2 = `Chapter/6Conclusion.aux'.

 (./Chapter/6Conclusion.tex
第6章
) [89




]
\openout2 = `Chapter/7Acknowledgement.aux'.

 (./Chapter/7Acknowledgement.tex) [90





]
\openout2 = `Chapter/8Appendix.aux'.

 (./Chapter/8Appendix.tex
付録A
[91




] [92] [93] [94] [95] [96] [97] [98] [99] [100] [101] [102] [103] [104]
[105] [106] [107] [108] [109] [110] [111] [112] [113] [114] [115] [116]
[117] [118]
Overfull \hbox (187.51707pt too wide) in paragraph at lines 1040--1041
[][][][] 
 []

[119] [120]
Overfull \hbox (187.51707pt too wide) in paragraph at lines 1088--1090
[][][][] 
 []

[121] [122] [123] [124]
Overfull \hbox (206.41673pt too wide) in paragraph at lines 1203--1204
[][][][] 
 []


Overfull \hbox (206.41673pt too wide) in paragraph at lines 1205--1206
[][][][] 
 []


Overfull \hbox (206.41673pt too wide) in paragraph at lines 1212--1213
[][][][] 
 []


Overfull \hbox (59.41801pt too wide) in paragraph at lines 1213--1214
[][][][] 
 []


Overfull \hbox (206.41673pt too wide) in paragraph at lines 1214--1215
[][][][] 
 []


Overfull \hbox (206.41673pt too wide) in paragraph at lines 1217--1218
[][][][] 
 []


Overfull \hbox (80.41783pt too wide) in paragraph at lines 1218--1219
[][][][] 
 []


Overfull \hbox (206.41673pt too wide) in paragraph at lines 1219--1220
[][][][] 
 []

[125]
Overfull \hbox (206.41673pt too wide) in paragraph at lines 1224--1225
[][][][] 
 []


Overfull \hbox (90.91774pt too wide) in paragraph at lines 1225--1226
[][][][] 
 []


Overfull \hbox (206.41673pt too wide) in paragraph at lines 1226--1227
[][][][] 
 []


Overfull \hbox (74.06442pt too wide) in paragraph at lines 1229--1231
[][][][][][] 
 []


Overfull \hbox (33.16515pt too wide) in paragraph at lines 1229--1231
[][] 
 []


Overfull \hbox (33.16515pt too wide) in paragraph at lines 1229--1231
[][] 
 []


Overfull \hbox (94.06442pt too wide) in paragraph at lines 1229--1231
[][] 
 []


Overfull \hbox (33.16515pt too wide) in paragraph at lines 1229--1231
[][] 
 []


Overfull \hbox (33.16515pt too wide) in paragraph at lines 1229--1231
[][] 
 []


Overfull \hbox (75.16464pt too wide) in paragraph at lines 1229--1231
[][] 
 []


Overfull \hbox (33.16515pt too wide) in paragraph at lines 1229--1231
[][] 
 []


Overfull \hbox (27.91519pt too wide) in paragraph at lines 1229--1231
[]  
 []


Overfull \hbox (206.41673pt too wide) in paragraph at lines 1231--1232
[][][][] 
 []


Overfull \hbox (80.41783pt too wide) in paragraph at lines 1232--1233
[][][][] 
 []


Overfull \hbox (206.41673pt too wide) in paragraph at lines 1233--1234
[][][][] 
 []

[126]
Overfull \hbox (83.51425pt too wide) in paragraph at lines 1236--1238
[][][][][][] 
 []


Overfull \hbox (42.61497pt too wide) in paragraph at lines 1236--1238
[][] 
 []


Overfull \hbox (42.61497pt too wide) in paragraph at lines 1236--1238
[][] 
 []


Overfull \hbox (103.51425pt too wide) in paragraph at lines 1236--1238
[][] 
 []


Overfull \hbox (42.61497pt too wide) in paragraph at lines 1236--1238
[][] 
 []


Overfull \hbox (42.61497pt too wide) in paragraph at lines 1236--1238
[][] 
 []


Overfull \hbox (89.33942pt too wide) in paragraph at lines 1236--1238
[][] 
 []


Overfull \hbox (42.61497pt too wide) in paragraph at lines 1236--1238
[][] 
 []


Overfull \hbox (42.61497pt too wide) in paragraph at lines 1236--1238
[][] 
 []


Overfull \hbox (37.36502pt too wide) in paragraph at lines 1236--1238
[]  
 []


Overfull \hbox (206.41673pt too wide) in paragraph at lines 1238--1239
[][][][] 
 []


Overfull \hbox (169.66705pt too wide) in paragraph at lines 1239--1240
[][][][] 
 []


Overfull \hbox (206.41673pt too wide) in paragraph at lines 1240--1241
[][][][] 
 []

[127]) [128] (./MasterThesis_goto_v1.bbl
LaTeX Font Info:    Kanji font shape `JY1/hgt/m/it' undefined
(Font)              No change on input line 4.
LaTeX Font Info:    Kanji font shape `JY1/hgt/m/it' undefined
(Font)              No change on input line 14.

Underfull \hbox (badness 1331) in paragraph at lines 14--21
[]\OT1/cmr/m/n/10 T. Behnke \OT1/cmr/m/it/10 et al.\OT1/cmr/m/n/10 ,  The In-te
r-na-tional Lin-ear Col-lider Tech-ni-cal De-sign Re-
 []


Underfull \hbox (badness 3281) in paragraph at lines 14--21
\OT1/cmr/m/n/10 port - Vol-ume 1: Ex-ec-u-tive Sum-mary,  (2013), 1306.6327,  S
ee also
 []

LaTeX Font Info:    Kanji font shape `JY1/hgt/m/it' undefined
(Font)              No change on input line 27.
LaTeX Font Info:    Kanji font shape `JY1/hgt/m/it' undefined
(Font)              No change on input line 32.
LaTeX Font Info:    Kanji font shape `JY1/hgt/m/it' undefined
(Font)              No change on input line 65.
LaTeX Font Info:    Kanji font shape `JY1/hgt/m/it' undefined
(Font)              No change on input line 71.
LaTeX Font Info:    Kanji font shape `JY1/hgt/m/it' undefined
(Font)              No change on input line 76.
[129



]
LaTeX Font Info:    Kanji font shape `JY1/hgt/m/it' undefined
(Font)              No change on input line 127.
LaTeX Font Info:    Font shape `JT1/utfj/m/0' will be
(Font)              scaled to size 9.24683pt on input line 127.
LaTeX Font Info:    Font shape `JY1/utfj/m/0' will be
(Font)              scaled to size 9.24683pt on input line 127.
LaTeX Font Info:    Kanji font shape `JY1/hmc/m/sl' undefined
(Font)              No change on input line 134.
LaTeX Font Info:    Kanji font shape `JY1/hgt/m/it' undefined
(Font)              No change on input line 157.
LaTeX Font Info:    Kanji font shape `JY1/hgt/m/it' undefined
(Font)              No change on input line 167.
 [130]
LaTeX Font Info:    Kanji font shape `JY1/hgt/m/it' undefined
(Font)              No change on input line 182.
LaTeX Font Info:    Font shape `JT1/utfj/m/2' will be
(Font)              scaled to size 9.24683pt on input line 199.
LaTeX Font Info:    Font shape `JY1/utfj/m/2' will be
(Font)              scaled to size 9.24683pt on input line 199.
) [131] (./MasterThesis_goto_v1.aux (./Chapter/0Abstract.aux)
(./Chapter/1Introduction.aux) (./Chapter/2DeepLearning.aux)
(./Chapter/3Networks.aux) (./Chapter/4VertexFinderwithDL.aux)
(./Chapter/5Comparison.aux) (./Chapter/6Conclusion.aux)
(./Chapter/7Acknowledgement.aux) (./Chapter/8Appendix.aux))
Package rerunfilecheck Info: File `MasterThesis_goto_v1.out' has not changed.
(rerunfilecheck)             Checksum: D6DCA15C3F2C3AF70EFB8FA8953E81B9;4717.


LaTeX Warning: There were undefined references.


LaTeX Warning: There were multiply-defined labels.

 ) 
Here is how much of TeX's memory you used:
 13957 strings out of 479956
 211948 string characters out of 5884286
 965603 words of memory out of 5000000
 30792 multiletter control sequences out of 15000+600000
 561217 words of font info for 159 fonts, out of 8000000 for 9000
 934 hyphenation exceptions out of 8191
 68i,22n,75p,643b,2111s stack positions out of 5000i,500n,10000p,200000b,80000s

Output written on MasterThesis_goto_v1.dvi (131 pages, 805220 bytes).
