This is e-pTeX, Version 3.14159265-p3.8.3-191112-2.6 (utf8.euc) (TeX Live 2020) (preloaded format=platex 2020.11.4)  15 NOV 2020 23:24
entering extended mode
 restricted \write18 enabled.
 file:line:error style messages enabled.
 %&-line parsing enabled.
**Bibliography.bib
(./Bibliography.bib
pLaTeX2e <2020-10-01>+1 (based on LaTeX2e <2020-10-01> patch level 2)
L3 programming layer <2020-10-27> xparse <2020-03-03>

./Bibliography.bib:6: LaTeX Error: Missing \begin{document}.

See the LaTeX manual or LaTeX Companion for explanation.
Type  H <return>  for immediate help.
 ...                                              
                                                  
l.6 @
     article{sample,
? 
./Bibliography.bib:6: Emergency stop.
 ...                                              
                                                  
l.6 @
     article{sample,
You're in trouble here.  Try typing  <return>  to proceed.
If that doesn't work, type  X <return>  to quit.

 
Here is how much of TeX's memory you used:
 18 strings out of 479956
 464 string characters out of 5884286
 272078 words of memory out of 5000000
 17333 multiletter control sequences out of 15000+600000
 538959 words of font info for 46 fonts, out of 8000000 for 9000
 929 hyphenation exceptions out of 8191
 20i,0n,25p,110b,14s stack positions out of 5000i,500n,10000p,200000b,80000s
No pages of output.
